<?xml version="1.0" encoding="UTF-8"?>
<!-- Generated by org.testng.reporters.JUnitXMLReporter -->
<testsuite ignored="8" hostname="DESKTOP-I3BG9VE" failures="0" tests="1" name="SwagLabs" time="19.021" errors="0" timestamp="2021-01-29T14:33:11 IST">
  <testcase classname="account.CheckOutTest" name="verifyThatUserCheckOutSuccessfullyWithValidDetails" time="3.936"/>
  <testcase classname="account.CheckOutTest" name="verifyValidationMessageDisplayedForZipCodeFieldBlankAndClickOnContinueButton" time="0.0">
    <ignored/>
  </testcase> <!-- verifyValidationMessageDisplayedForZipCodeFieldBlankAndClickOnContinueButton -->
  <testcase classname="account.CheckOutTest" name="verifyValidationMessageDisplayedForFirstNameFieldBlankAndClickOnContinueButton" time="0.0">
    <ignored/>
  </testcase> <!-- verifyValidationMessageDisplayedForFirstNameFieldBlankAndClickOnContinueButton -->
  <testcase classname="account.CheckOutTest" name="verifyClickOnCancelButtonUserNavigateToCartPage" time="0.0">
    <ignored/>
  </testcase> <!-- verifyClickOnCancelButtonUserNavigateToCartPage -->
  <testcase classname="account.CheckOutTest" name="verifyValidationMessageDisplayedForLastNameAndZipCodeFieldBlankAndClickOnContinueButton" time="0.0">
    <ignored/>
  </testcase> <!-- verifyValidationMessageDisplayedForLastNameAndZipCodeFieldBlankAndClickOnContinueButton -->
  <testcase classname="account.CheckOutTest" name="verifyValidationMessageDisplayedWhenLeavesAllFiledBlankAndClickOnContinueButton" time="0.0">
    <ignored/>
  </testcase> <!-- verifyValidationMessageDisplayedWhenLeavesAllFiledBlankAndClickOnContinueButton -->
  <testcase classname="account.CheckOutTest" name="verifyValidationMessageDisplayedForLastNameAndZipCodeInvalidAndClickOnContinueButton" time="0.0">
    <ignored/>
  </testcase> <!-- verifyValidationMessageDisplayedForLastNameAndZipCodeInvalidAndClickOnContinueButton -->
  <testcase classname="account.CheckOutTest" name="verifyValidationMessageDisplayedForFirstNameAndZipCodeInvalidAndClickOnContinueButton" time="0.0">
    <ignored/>
  </testcase> <!-- verifyValidationMessageDisplayedForFirstNameAndZipCodeInvalidAndClickOnContinueButton -->
  <testcase classname="account.CheckOutTest" name="verifyValidationMessageDisplayedForFirstNameAndLastNameInvalidAndClickOnContinueButton" time="0.0">
    <ignored/>
  </testcase> <!-- verifyValidationMessageDisplayedForFirstNameAndLastNameInvalidAndClickOnContinueButton -->
</testsuite> <!-- SwagLabs -->
