<?xml version="1.0" encoding="UTF-8"?>
<testng-results ignored="0" total="4" passed="4" failed="0" skipped="0">
  <reporter-output>
  </reporter-output>
  <suite started-at="2021-01-06T17:36:09 IST" name="Default Suite" finished-at="2021-01-06T17:36:09 IST" duration-ms="45">
    <groups>
    </groups>
    <test started-at="2021-01-06T17:36:09 IST" name="MavenPro" finished-at="2021-01-06T17:36:09 IST" duration-ms="45">
      <class name="com.tests.Test_2">
        <test-method signature="testCaptureScreen()[pri:0, instance:com.tests.Test_2@69b794e2]" started-at="2021-01-06T17:36:09 IST" name="testCaptureScreen" finished-at="2021-01-06T17:36:09 IST" duration-ms="0" status="PASS">
          <reporter-output>
          </reporter-output>
        </test-method> <!-- testCaptureScreen -->
        <test-method signature="testCaptureScreen2()[pri:0, instance:com.tests.Test_2@69b794e2]" started-at="2021-01-06T17:36:09 IST" name="testCaptureScreen2" finished-at="2021-01-06T17:36:09 IST" duration-ms="0" status="PASS">
          <reporter-output>
          </reporter-output>
        </test-method> <!-- testCaptureScreen2 -->
      </class> <!-- com.tests.Test_2 -->
      <class name="com.tests.Test_1">
        <test-method is-config="true" signature="runSeleniumServer()[pri:0, instance:com.tests.Test_1@61d47554]" started-at="2021-01-06T17:36:09 IST" name="runSeleniumServer" finished-at="2021-01-06T17:36:09 IST" duration-ms="12" status="PASS">
          <reporter-output>
          </reporter-output>
        </test-method> <!-- runSeleniumServer -->
        <test-method is-config="true" signature="openDbConnection()[pri:0, instance:com.tests.Test_1@61d47554]" started-at="2021-01-06T17:36:09 IST" name="openDbConnection" finished-at="2021-01-06T17:36:09 IST" duration-ms="1" status="PASS">
          <reporter-output>
          </reporter-output>
        </test-method> <!-- openDbConnection -->
        <test-method is-config="true" signature="openBrowser()[pri:0, instance:com.tests.Test_1@61d47554]" started-at="2021-01-06T17:36:09 IST" name="openBrowser" finished-at="2021-01-06T17:36:09 IST" duration-ms="0" status="PASS">
          <reporter-output>
          </reporter-output>
        </test-method> <!-- openBrowser -->
        <test-method signature="testLogin()[pri:0, instance:com.tests.Test_1@61d47554]" started-at="2021-01-06T17:36:09 IST" name="testLogin" finished-at="2021-01-06T17:36:09 IST" duration-ms="1" status="PASS">
          <reporter-output>
          </reporter-output>
        </test-method> <!-- testLogin -->
        <test-method is-config="true" signature="closeBrowser()[pri:0, instance:com.tests.Test_1@61d47554]" started-at="2021-01-06T17:36:09 IST" name="closeBrowser" finished-at="2021-01-06T17:36:09 IST" duration-ms="1" status="PASS">
          <reporter-output>
          </reporter-output>
        </test-method> <!-- closeBrowser -->
        <test-method is-config="true" signature="openBrowser()[pri:0, instance:com.tests.Test_1@61d47554]" started-at="2021-01-06T17:36:09 IST" name="openBrowser" finished-at="2021-01-06T17:36:09 IST" duration-ms="1" status="PASS">
          <reporter-output>
          </reporter-output>
        </test-method> <!-- openBrowser -->
        <test-method signature="testRegistration()[pri:0, instance:com.tests.Test_1@61d47554]" started-at="2021-01-06T17:36:09 IST" name="testRegistration" finished-at="2021-01-06T17:36:09 IST" duration-ms="0" status="PASS">
          <reporter-output>
          </reporter-output>
        </test-method> <!-- testRegistration -->
        <test-method is-config="true" signature="closeBrowser()[pri:0, instance:com.tests.Test_1@61d47554]" started-at="2021-01-06T17:36:09 IST" name="closeBrowser" finished-at="2021-01-06T17:36:09 IST" duration-ms="0" status="PASS">
          <reporter-output>
          </reporter-output>
        </test-method> <!-- closeBrowser -->
        <test-method is-config="true" signature="closeDbConnection()[pri:0, instance:com.tests.Test_1@61d47554]" started-at="2021-01-06T17:36:09 IST" name="closeDbConnection" finished-at="2021-01-06T17:36:09 IST" duration-ms="0" status="PASS">
          <reporter-output>
          </reporter-output>
        </test-method> <!-- closeDbConnection -->
        <test-method is-config="true" signature="stopSeleniumServer()[pri:0, instance:com.tests.Test_1@61d47554]" started-at="2021-01-06T17:36:09 IST" name="stopSeleniumServer" finished-at="2021-01-06T17:36:09 IST" duration-ms="0" status="PASS">
          <reporter-output>
          </reporter-output>
        </test-method> <!-- stopSeleniumServer -->
      </class> <!-- com.tests.Test_1 -->
    </test> <!-- MavenPro -->
  </suite> <!-- Default Suite -->
</testng-results>
