<?xml version="1.0" encoding="UTF-8"?>
<!-- Generated by org.testng.reporters.JUnitXMLReporter -->
<testsuite ignored="0" hostname="DESKTOP-I3BG9VE" failures="0" tests="4" name="MavenPro" time="0.045" errors="0" timestamp="2021-01-06T17:36:09 IST">
  <testcase classname="com.tests.Test_1" name="testLogin" time="0.001"/>
  <testcase classname="com.tests.Test_1" name="testRegistration" time="0.0"/>
  <testcase classname="com.tests.Test_2" name="testCaptureScreen" time="0.0"/>
  <testcase classname="com.tests.Test_2" name="testCaptureScreen2" time="0.0"/>
</testsuite> <!-- MavenPro -->
